<?xml version="1.0" encoding="UTF-8"?>
<testsuite xmlns:xsi="http://www.w3.org/2001/XMLSchema-instance" xsi:noNamespaceSchemaLocation="https://maven.apache.org/surefire/maven-surefire-plugin/xsd/surefire-test-report.xsd" name="com.mobiquity.packer.PackerTest" time="0.195" tests="5" errors="0" skipped="0" failures="0">
  <properties>
[...]
</properties>
  <testcase name="testInvalidCaseMaxCapacity" classname="com.mobiquity.packer.PackerTest" time="0.053"/>
  <testcase name="testInvalidCaseMaxItensSize" classname="com.mobiquity.packer.PackerTest" time="0.004"/>
  <testcase name="testInvalidCaseMaxCosttItem" classname="com.mobiquity.packer.PackerTest" time="0.005"/>
  <testcase name="testMainCases" classname="com.mobiquity.packer.PackerTest" time="0.078"/>
  <testcase name="testInvalidCaseMaxWeightItem" classname="com.mobiquity.packer.PackerTest" time="0.017"/>
</testsuite>